Using pre-set license
Built from '2021.3/staging' branch; Version is '2021.3.20f1 (577897200b8b) revision 5732503'; Using compiler version '192829333'; Build Type 'Release'
OS: 'Windows 11  (10.0.22621) 64bit Core' Language: 'ko' Physical Memory: 16093 MB
BatchMode: 1, IsHumanControllingUs: 0, StartBugReporterOnCrash: 0, Is64bit: 1, IsPro: 1

COMMAND LINE ARGUMENTS:
C:\Program Files\Unity\Hub\Editor\2021.3.20f1\Editor\Unity.exe
-adb2
-batchMode
-noUpm
-name
AssetImportWorker0
-projectPath
C:/Users/gram/VoteFight_Unity
-logFile
Logs/AssetImportWorker0.log
-srvPort
54780
Successfully changed project path to: C:/Users/gram/VoteFight_Unity
C:/Users/gram/VoteFight_Unity
[UnityMemory] Configuration Parameters - Can be set up in boot.config
    "memorysetup-bucket-allocator-granularity=16"
    "memorysetup-bucket-allocator-bucket-count=8"
    "memorysetup-bucket-allocator-block-size=33554432"
    "memorysetup-bucket-allocator-block-count=8"
    "memorysetup-main-allocator-block-size=16777216"
    "memorysetup-thread-allocator-block-size=16777216"
    "memorysetup-gfx-main-allocator-block-size=16777216"
    "memorysetup-gfx-thread-allocator-block-size=16777216"
    "memorysetup-cache-allocator-block-size=4194304"
    "memorysetup-typetree-allocator-block-size=2097152"
    "memorysetup-profiler-bucket-allocator-granularity=16"
    "memorysetup-profiler-bucket-allocator-bucket-count=8"
    "memorysetup-profiler-bucket-allocator-block-size=33554432"
    "memorysetup-profiler-bucket-allocator-block-count=8"
    "memorysetup-profiler-allocator-block-size=16777216"
    "memorysetup-profiler-editor-allocator-block-size=1048576"
    "memorysetup-temp-allocator-size-main=16777216"
    "memorysetup-job-temp-allocator-block-size=2097152"
    "memorysetup-job-temp-allocator-block-size-background=1048576"
    "memorysetup-job-temp-allocator-reduction-small-platforms=262144"
    "memorysetup-temp-allocator-size-background-worker=32768"
    "memorysetup-temp-allocator-size-job-worker=262144"
    "memorysetup-temp-allocator-size-preload-manager=33554432"
    "memorysetup-temp-allocator-size-nav-mesh-worker=65536"
    "memorysetup-temp-allocator-size-audio-worker=65536"
    "memorysetup-temp-allocator-size-cloud-worker=32768"
    "memorysetup-temp-allocator-size-gi-baking-worker=262144"
    "memorysetup-temp-allocator-size-gfx=262144"
Player connection [49240] Host "[IP] 192.168.28.1 [Port] 0 [Flags] 2 [Guid] 1609782008 [EditorId] 1609782008 [Version] 1048832 [Id] WindowsEditor(7,DESKTOP-EI6TR89) [Debug] 1 [PackageName] WindowsEditor [ProjectName] Editor" joined multi-casting on [225.0.0.222:54997]...

Player connection [49240] Host "[IP] 192.168.28.1 [Port] 0 [Flags] 2 [Guid] 1609782008 [EditorId] 1609782008 [Version] 1048832 [Id] WindowsEditor(7,DESKTOP-EI6TR89) [Debug] 1 [PackageName] WindowsEditor [ProjectName] Editor" joined alternative multi-casting on [225.0.0.222:34997]...

Refreshing native plugins compatible for Editor in 125.16 ms, found 3 plugins.
Preloading 0 native plugins for Editor in 0.00 ms.
Initialize engine version: 2021.3.20f1 (577897200b8b)
[Subsystems] Discovering subsystems at path C:/Program Files/Unity/Hub/Editor/2021.3.20f1/Editor/Data/Resources/UnitySubsystems
[Subsystems] Discovering subsystems at path C:/Users/gram/VoteFight_Unity/Assets
GfxDevice: creating device client; threaded=0; jobified=0
Direct3D:
    Version:  Direct3D 11.0 [level 11.1]
    Renderer: Intel(R) Iris(R) Plus Graphics (ID=0x8a52)
    Vendor:   Intel
    VRAM:     8046 MB
    Driver:   30.0.100.9836
Initialize mono
Mono path[0] = 'C:/Program Files/Unity/Hub/Editor/2021.3.20f1/Editor/Data/Managed'
Mono path[1] = 'C:/Program Files/Unity/Hub/Editor/2021.3.20f1/Editor/Data/MonoBleedingEdge/lib/mono/unityjit-win32'
Mono config path = 'C:/Program Files/Unity/Hub/Editor/2021.3.20f1/Editor/Data/MonoBleedingEdge/etc'
Using monoOptions --debugger-agent=transport=dt_socket,embedding=1,server=y,suspend=n,address=127.0.0.1:56072
Begin MonoManager ReloadAssembly
Registering precompiled unity dll's ...
Register platform support module: C:/Program Files/Unity/Hub/Editor/2021.3.20f1/Editor/Data/PlaybackEngines/WebGLSupport/UnityEditor.WebGL.Extensions.dll
Register platform support module: C:/Program Files/Unity/Hub/Editor/2021.3.20f1/Editor/Data/PlaybackEngines/WindowsStandaloneSupport/UnityEditor.WindowsStandalone.Extensions.dll
Registered in 0.017234 seconds.
Native extension for WindowsStandalone target not found
Native extension for WebGL target not found
Refreshing native plugins compatible for Editor in 110.79 ms, found 3 plugins.
Preloading 0 native plugins for Editor in 0.00 ms.
Mono: successfully reloaded assembly
- Completed reload, in  1.071 seconds
Domain Reload Profiling:
	ReloadAssembly (1072ms)
		BeginReloadAssembly (176ms)
			ExecutionOrderSort (0ms)
			DisableScriptedObjects (0ms)
			BackupInstance (0ms)
			ReleaseScriptingObjects (0ms)
			CreateAndSetChildDomain (1ms)
		EndReloadAssembly (687ms)
			LoadAssemblies (172ms)
			RebuildTransferFunctionScriptingTraits (0ms)
			SetupTypeCache (182ms)
			ReleaseScriptCaches (0ms)
			RebuildScriptCaches (45ms)
			SetupLoadedEditorAssemblies (380ms)
				LogAssemblyErrors (0ms)
				InitializePlatformSupportModulesInManaged (15ms)
				SetLoadedEditorAssemblies (0ms)
				RefreshPlugins (111ms)
				BeforeProcessingInitializeOnLoad (2ms)
				ProcessInitializeOnLoadAttributes (175ms)
				ProcessInitializeOnLoadMethodAttributes (76ms)
				AfterProcessingInitializeOnLoad (0ms)
				EditorAssembliesLoaded (0ms)
			ExecutionOrderSort2 (0ms)
			AwakeInstancesAfterBackupRestoration (0ms)
Platform modules already initialized, skipping
Registering precompiled user dll's ...
Registered in 0.012533 seconds.
Begin MonoManager ReloadAssembly
Symbol file LoadedFromMemory doesn't match image C:\Users\gram\VoteFight_Unity\Library\PackageCache\com.unity.visualscripting@1.8.0\Editor\VisualScripting.Core\Dependencies\YamlDotNet\Unity.VisualScripting.YamlDotNet.dll
Symbol file LoadedFromMemory doesn't match image C:\Users\gram\VoteFight_Unity\Library\PackageCache\com.unity.visualscripting@1.8.0\Editor\VisualScripting.Core\Dependencies\DotNetZip\Unity.VisualScripting.IonicZip.dll
Native extension for WindowsStandalone target not found
Native extension for WebGL target not found
Refreshing native plugins compatible for Editor in 0.54 ms, found 3 plugins.
Preloading 0 native plugins for Editor in 0.00 ms.
Mono: successfully reloaded assembly
- Completed reload, in  1.963 seconds
Domain Reload Profiling:
	ReloadAssembly (1966ms)
		BeginReloadAssembly (203ms)
			ExecutionOrderSort (0ms)
			DisableScriptedObjects (8ms)
			BackupInstance (0ms)
			ReleaseScriptingObjects (0ms)
			CreateAndSetChildDomain (23ms)
		EndReloadAssembly (1592ms)
			LoadAssemblies (179ms)
			RebuildTransferFunctionScriptingTraits (0ms)
			SetupTypeCache (393ms)
			ReleaseScriptCaches (1ms)
			RebuildScriptCaches (70ms)
			SetupLoadedEditorAssemblies (860ms)
				LogAssemblyErrors (0ms)
				InitializePlatformSupportModulesInManaged (12ms)
				SetLoadedEditorAssemblies (0ms)
				RefreshPlugins (1ms)
				BeforeProcessingInitializeOnLoad (120ms)
				ProcessInitializeOnLoadAttributes (607ms)
				ProcessInitializeOnLoadMethodAttributes (64ms)
				AfterProcessingInitializeOnLoad (55ms)
				EditorAssembliesLoaded (0ms)
			ExecutionOrderSort2 (0ms)
			AwakeInstancesAfterBackupRestoration (42ms)
Platform modules already initialized, skipping
========================================================================
Worker process is ready to serve import requests
Launched and connected shader compiler UnityShaderCompiler.exe after 0.21 seconds
Refreshing native plugins compatible for Editor in 1.66 ms, found 3 plugins.
Preloading 0 native plugins for Editor in 0.00 ms.
Unloading 3047 Unused Serialized files (Serialized files now loaded: 0)
Unloading 24 unused Assets / (113.9 KB). Loaded Objects now: 3526.
Memory consumption went from 120.1 MB to 120.0 MB.
Total: 7.636100 ms (FindLiveObjects: 0.635500 ms CreateObjectMapping: 0.418100 ms MarkObjects: 6.301700 ms  DeleteObjects: 0.278100 ms)

AssetImportParameters requested are different than current active one (requested -> active):
  custom:video-decoder-ogg-theora: a1e56fd34408186e4bbccfd4996cb3dc -> 
  custom:container-muxer-webm: aa71ff27fc2769a1b78a27578f13a17b -> 
  custom:container-demuxer-webm: 4f35f7cbe854078d1ac9338744f61a02 -> 
  custom:video-encoder-webm-vp8: eb34c28f22e8b96e1ab97ce403110664 -> 
  custom:audio-encoder-webm-vorbis: bf7c407c2cedff20999df2af8eb42d56 -> 
  custom:framework-win-MediaFoundation: 216162199b28c13a410421893ffa2e32 -> 
  custom:container-demuxer-ogg: 62fdf1f143b41e24485cea50d1cbac27 -> 
  custom:video-decoder-webm-vp8: 9c59270c3fd7afecdb556c50c9e8de78 -> 
  custom:audio-decoder-ogg-vorbis: bf7c407c2cedff20999df2af8eb42d56 -> 
========================================================================
Received Import Request.
  Time since last request: 1471619.380087 seconds.
  path: Assets/농장2.fbx
  artifactKey: Guid(b3782d883065c9f478f6ccb40a744942) Importer(815301076,1909f56bfc062723c751e8b465ee728b)
Start importing Assets/농장2.fbx using Guid(b3782d883065c9f478f6ccb40a744942) Importer(815301076,1909f56bfc062723c751e8b465ee728b)  -> (artifact id: 'bf1412e19f11780546e631c13a68d34b') in 1.968232 seconds 
========================================================================
Received Import Request.
  Time since last request: 161.645750 seconds.
  path: Assets/마을/Models/Props
  artifactKey: Guid(c4780675555bd284c889294acc0f87d6) Importer(815301076,1909f56bfc062723c751e8b465ee728b)
Start importing Assets/마을/Models/Props using Guid(c4780675555bd284c889294acc0f87d6) Importer(815301076,1909f56bfc062723c751e8b465ee728b)  -> (artifact id: '146bd7f2635df0424254fca8c1357cb8') in 0.025354 seconds 
========================================================================
Received Import Request.
  Time since last request: 0.054736 seconds.
  path: Assets/마을/Models/Props/rpgpp_lt_banner_01a.fbx
  artifactKey: Guid(d7113c6e2a0f65c4abdb33666078052f) Importer(815301076,1909f56bfc062723c751e8b465ee728b)
Start importing Assets/마을/Models/Props/rpgpp_lt_banner_01a.fbx using Guid(d7113c6e2a0f65c4abdb33666078052f) Importer(815301076,1909f56bfc062723c751e8b465ee728b)  -> (artifact id: 'e73695b03f25aa22a535c20310c2a8ba') in 0.043442 seconds 
========================================================================
Received Import Request.
  Time since last request: 0.000022 seconds.
  path: Assets/마을/Models/Props/rpgpp_lt_barrel_01.fbx
  artifactKey: Guid(caf770415cf8b3745b977df80c57628b) Importer(815301076,1909f56bfc062723c751e8b465ee728b)
Start importing Assets/마을/Models/Props/rpgpp_lt_barrel_01.fbx using Guid(caf770415cf8b3745b977df80c57628b) Importer(815301076,1909f56bfc062723c751e8b465ee728b)  -> (artifact id: 'ad9b5f7ae0e910cdf69a690f539d2a40') in 0.056069 seconds 
========================================================================
Received Import Request.
  Time since last request: 0.000048 seconds.
  path: Assets/마을/Models/Props/rpgpp_lt_bowl_metal_01.fbx
  artifactKey: Guid(09cc238bd856b5d468789a6d2d0f48ed) Importer(815301076,1909f56bfc062723c751e8b465ee728b)
Start importing Assets/마을/Models/Props/rpgpp_lt_bowl_metal_01.fbx using Guid(09cc238bd856b5d468789a6d2d0f48ed) Importer(815301076,1909f56bfc062723c751e8b465ee728b)  -> (artifact id: 'f18c277371f46e2d7d8bb05fce560dff') in 0.065870 seconds 
========================================================================
Received Import Request.
  Time since last request: 0.000034 seconds.
  path: Assets/마을/Models/Props/rpgpp_lt_ladder_01.fbx
  artifactKey: Guid(5a5a8e9d7228e204a91c0fb79c12479b) Importer(815301076,1909f56bfc062723c751e8b465ee728b)
Start importing Assets/마을/Models/Props/rpgpp_lt_ladder_01.fbx using Guid(5a5a8e9d7228e204a91c0fb79c12479b) Importer(815301076,1909f56bfc062723c751e8b465ee728b)  -> (artifact id: '7987be831baa96186eac1833607ae45e') in 0.051468 seconds 
========================================================================
Received Import Request.
  Time since last request: 0.000026 seconds.
  path: Assets/마을/Models/Props/rpgpp_lt_well_01.fbx
  artifactKey: Guid(54708add4b909204cb861ed2bd2cfcdf) Importer(815301076,1909f56bfc062723c751e8b465ee728b)
Start importing Assets/마을/Models/Props/rpgpp_lt_well_01.fbx using Guid(54708add4b909204cb861ed2bd2cfcdf) Importer(815301076,1909f56bfc062723c751e8b465ee728b)  -> (artifact id: '71d52af0cbc4c45d9ea4063937ad64f6') in 0.079958 seconds 
========================================================================
Received Import Request.
  Time since last request: 0.000032 seconds.
  path: Assets/마을/Models/Props/rpgpp_lt_vase_01.fbx
  artifactKey: Guid(9bd069d17b875254f9fc1eeccdd647b4) Importer(815301076,1909f56bfc062723c751e8b465ee728b)
Start importing Assets/마을/Models/Props/rpgpp_lt_vase_01.fbx using Guid(9bd069d17b875254f9fc1eeccdd647b4) Importer(815301076,1909f56bfc062723c751e8b465ee728b)  -> (artifact id: 'bb347ea72359ef24dd8eb1be9331b5a5') in 0.087244 seconds 
========================================================================
Received Import Request.
  Time since last request: 0.000040 seconds.
  path: Assets/마을/Models/Props/rpgpp_lt_chair_01a.fbx
  artifactKey: Guid(c7acbad2649a15647a7a4dfd8cceb5ac) Importer(815301076,1909f56bfc062723c751e8b465ee728b)
Start importing Assets/마을/Models/Props/rpgpp_lt_chair_01a.fbx using Guid(c7acbad2649a15647a7a4dfd8cceb5ac) Importer(815301076,1909f56bfc062723c751e8b465ee728b)  -> (artifact id: '0736a82968f0231b8f6051bef4071d27') in 0.071614 seconds 
========================================================================
Received Import Request.
  Time since last request: 0.000039 seconds.
  path: Assets/마을/Models/Props/rpgpp_lt_bird_house_01.fbx
  artifactKey: Guid(8edf1a08abb5cb342a2a608b289c1f91) Importer(815301076,1909f56bfc062723c751e8b465ee728b)
Start importing Assets/마을/Models/Props/rpgpp_lt_bird_house_01.fbx using Guid(8edf1a08abb5cb342a2a608b289c1f91) Importer(815301076,1909f56bfc062723c751e8b465ee728b)  -> (artifact id: 'aafc81ebeb581b35205609cf1c273b0a') in 0.072082 seconds 
========================================================================
Received Import Request.
  Time since last request: 0.000029 seconds.
  path: Assets/마을/Models/Props/rpgpp_lt_wood_path_01b.fbx
  artifactKey: Guid(f867a2534aa85914d9e6b62f681cdf69) Importer(815301076,1909f56bfc062723c751e8b465ee728b)
Start importing Assets/마을/Models/Props/rpgpp_lt_wood_path_01b.fbx using Guid(f867a2534aa85914d9e6b62f681cdf69) Importer(815301076,1909f56bfc062723c751e8b465ee728b)  -> (artifact id: 'd39a66f0ac73b27ebab2421b0e9ea51c') in 0.071326 seconds 
========================================================================
Received Import Request.
  Time since last request: 0.000036 seconds.
  path: Assets/마을/Models/Props/rpgpp_lt_box_wood_01.fbx
  artifactKey: Guid(ab945ff7c1d59bb4a8b506cb8c7dafcd) Importer(815301076,1909f56bfc062723c751e8b465ee728b)
Start importing Assets/마을/Models/Props/rpgpp_lt_box_wood_01.fbx using Guid(ab945ff7c1d59bb4a8b506cb8c7dafcd) Importer(815301076,1909f56bfc062723c751e8b465ee728b)  -> (artifact id: '38bb9828f1effebe573c143e31382e58') in 0.105177 seconds 
========================================================================
Received Import Request.
  Time since last request: 0.000034 seconds.
  path: Assets/마을/Models/Props/rpgpp_lt_bathtub_wood_01.fbx
  artifactKey: Guid(1a8449922d22bae4791e0335226fa1aa) Importer(815301076,1909f56bfc062723c751e8b465ee728b)
Start importing Assets/마을/Models/Props/rpgpp_lt_bathtub_wood_01.fbx using Guid(1a8449922d22bae4791e0335226fa1aa) Importer(815301076,1909f56bfc062723c751e8b465ee728b)  -> (artifact id: '6a1a6fec081f1da0fe97e8e207c7e08f') in 0.078666 seconds 
========================================================================
Received Import Request.
  Time since last request: 0.000048 seconds.
  path: Assets/마을/Models/Props/rpgpp_lt_wagon_01.fbx
  artifactKey: Guid(f34a4e9b86005de4da2625205407868e) Importer(815301076,1909f56bfc062723c751e8b465ee728b)
Start importing Assets/마을/Models/Props/rpgpp_lt_wagon_01.fbx using Guid(f34a4e9b86005de4da2625205407868e) Importer(815301076,1909f56bfc062723c751e8b465ee728b)  -> (artifact id: '43c6cdb07f515bd6f716e5952c82cf9b') in 0.084839 seconds 
========================================================================
Received Import Request.
  Time since last request: 0.000031 seconds.
  path: Assets/마을/Models/Props/rpgpp_lt_jug_01.fbx
  artifactKey: Guid(d68abfcba378a4f46847fa7f406b6ba6) Importer(815301076,1909f56bfc062723c751e8b465ee728b)
Start importing Assets/마을/Models/Props/rpgpp_lt_jug_01.fbx using Guid(d68abfcba378a4f46847fa7f406b6ba6) Importer(815301076,1909f56bfc062723c751e8b465ee728b)  -> (artifact id: 'b8947618b8b6ac9a11d01d8ab194f326') in 0.078978 seconds 
========================================================================
Received Import Request.
  Time since last request: 0.000025 seconds.
  path: Assets/마을/Models/Props/rpgpp_lt_hanger_clothes_01.fbx
  artifactKey: Guid(30c389f0d35cc414d9e841ff82ce1424) Importer(815301076,1909f56bfc062723c751e8b465ee728b)
Start importing Assets/마을/Models/Props/rpgpp_lt_hanger_clothes_01.fbx using Guid(30c389f0d35cc414d9e841ff82ce1424) Importer(815301076,1909f56bfc062723c751e8b465ee728b)  -> (artifact id: 'd79f3022593bdbbcec8126b3d182d0b8') in 0.089194 seconds 
========================================================================
Received Import Request.
  Time since last request: 0.000041 seconds.
  path: Assets/마을/Models/Props/rpgpp_lt_vase_02.fbx
  artifactKey: Guid(65a171ea06543b04fa7aa086cd66702d) Importer(815301076,1909f56bfc062723c751e8b465ee728b)
Start importing Assets/마을/Models/Props/rpgpp_lt_vase_02.fbx using Guid(65a171ea06543b04fa7aa086cd66702d) Importer(815301076,1909f56bfc062723c751e8b465ee728b)  -> (artifact id: '897137c4b076f3eaddd1c52e309af8fc') in 0.086193 seconds 
========================================================================
Received Import Request.
  Time since last request: 0.000280 seconds.
  path: Assets/마을/Models/Props/rpgpp_lt_chair_01b.fbx
  artifactKey: Guid(c23d7dd34e2d29a42bf0998f5f20de59) Importer(815301076,1909f56bfc062723c751e8b465ee728b)
Start importing Assets/마을/Models/Props/rpgpp_lt_chair_01b.fbx using Guid(c23d7dd34e2d29a42bf0998f5f20de59) Importer(815301076,1909f56bfc062723c751e8b465ee728b)  -> (artifact id: '3c71cbd191bf81c980ee1ff1d0005f31') in 0.088427 seconds 
========================================================================
Received Import Request.
  Time since last request: 0.000121 seconds.
  path: Assets/마을/Models/Props/rpgpp_lt_wood_path_01a.fbx
  artifactKey: Guid(d4d6eed92fb93e948b95c2fc4d1f6f8d) Importer(815301076,1909f56bfc062723c751e8b465ee728b)
Start importing Assets/마을/Models/Props/rpgpp_lt_wood_path_01a.fbx using Guid(d4d6eed92fb93e948b95c2fc4d1f6f8d) Importer(815301076,1909f56bfc062723c751e8b465ee728b)  -> (artifact id: 'da455d5d4a5a7d59cc709140727af73e') in 0.066986 seconds 
========================================================================
Received Import Request.
  Time since last request: 21.374499 seconds.
  path: Assets/마을/Prefabs/Nature/Terrain/rpgpp_lt_mountain_01.prefab
  artifactKey: Guid(9d200fbd47e9c7f45ad54450ebd25b94) Importer(815301076,1909f56bfc062723c751e8b465ee728b)
Start importing Assets/마을/Prefabs/Nature/Terrain/rpgpp_lt_mountain_01.prefab using Guid(9d200fbd47e9c7f45ad54450ebd25b94) Importer(815301076,1909f56bfc062723c751e8b465ee728b)  -> (artifact id: 'c38a64f103a4e830b730af7b1a186f2b') in 0.040794 seconds 
========================================================================
Received Import Request.
  Time since last request: 0.947613 seconds.
  path: Assets/마을/Prefabs/Nature/Terrain/rpgpp_lt_mountain_01.prefab
  artifactKey: Guid(9d200fbd47e9c7f45ad54450ebd25b94) Importer(815301076,1909f56bfc062723c751e8b465ee728b)
Start importing Assets/마을/Prefabs/Nature/Terrain/rpgpp_lt_mountain_01.prefab using Guid(9d200fbd47e9c7f45ad54450ebd25b94) Importer(815301076,1909f56bfc062723c751e8b465ee728b)  -> (artifact id: 'e41ce269eb35acdfcca80ccf76cf2462') in 0.018331 seconds 
========================================================================
Received Import Request.
  Time since last request: 4.843167 seconds.
  path: Assets/마을/Prefabs/Nature/Terrain/rpgpp_lt_mountain_01.prefab
  artifactKey: Guid(9d200fbd47e9c7f45ad54450ebd25b94) Importer(815301076,1909f56bfc062723c751e8b465ee728b)
Start importing Assets/마을/Prefabs/Nature/Terrain/rpgpp_lt_mountain_01.prefab using Guid(9d200fbd47e9c7f45ad54450ebd25b94) Importer(815301076,1909f56bfc062723c751e8b465ee728b)  -> (artifact id: '2323923501bdcf8ba6d75c6eaa5455e3') in 0.020915 seconds 
========================================================================
Received Import Request.
  Time since last request: 2.016092 seconds.
  path: Assets/마을/Prefabs/Nature/Terrain/rpgpp_lt_mountain_01.prefab
  artifactKey: Guid(9d200fbd47e9c7f45ad54450ebd25b94) Importer(815301076,1909f56bfc062723c751e8b465ee728b)
Start importing Assets/마을/Prefabs/Nature/Terrain/rpgpp_lt_mountain_01.prefab using Guid(9d200fbd47e9c7f45ad54450ebd25b94) Importer(815301076,1909f56bfc062723c751e8b465ee728b)  -> (artifact id: '8312207e924b6ea1e4f9fea68e9ab53e') in 0.031620 seconds 
========================================================================
Received Import Request.
  Time since last request: 231.322510 seconds.
  path: Assets/농장2.fbx
  artifactKey: Guid(b3782d883065c9f478f6ccb40a744942) Importer(815301076,1909f56bfc062723c751e8b465ee728b)
Start importing Assets/농장2.fbx using Guid(b3782d883065c9f478f6ccb40a744942) Importer(815301076,1909f56bfc062723c751e8b465ee728b)  -> (artifact id: '9efc160d8e4abafa56815f137dc4d6b1') in 1.108318 seconds 
========================================================================
Received Import Request.
  Time since last request: 0.352061 seconds.
  path: Assets/Scenes/Overview.unity
  artifactKey: Guid(15e44f158886bb540bf5a55431dc4b69) Importer(815301076,1909f56bfc062723c751e8b465ee728b)
Start importing Assets/Scenes/Overview.unity using Guid(15e44f158886bb540bf5a55431dc4b69) Importer(815301076,1909f56bfc062723c751e8b465ee728b)  -> (artifact id: 'ab8be6a3b40310ce8324ed93ebc13fb8') in 0.023427 seconds 
========================================================================
Received Import Request.
  Time since last request: 0.604461 seconds.
  path: Assets/Scenes/SampleScene.unity
  artifactKey: Guid(9fc0d4010bbf28b4594072e72b8655ab) Importer(815301076,1909f56bfc062723c751e8b465ee728b)
Start importing Assets/Scenes/SampleScene.unity using Guid(9fc0d4010bbf28b4594072e72b8655ab) Importer(815301076,1909f56bfc062723c751e8b465ee728b)  -> (artifact id: '32b5898603caf203408005dfbb94771d') in 0.025278 seconds 
========================================================================
Received Import Request.
  Time since last request: 126.910019 seconds.
  path: Assets/생존/Prefabs
  artifactKey: Guid(e62fbaf9c24111144b80fa2d57663abb) Importer(815301076,1909f56bfc062723c751e8b465ee728b)
Start importing Assets/생존/Prefabs using Guid(e62fbaf9c24111144b80fa2d57663abb) Importer(815301076,1909f56bfc062723c751e8b465ee728b)  -> (artifact id: '009aa8100e8f21542a55088d6da50645') in 0.033162 seconds 
========================================================================
Received Import Request.
  Time since last request: 0.067058 seconds.
  path: Assets/생존/Prefabs/Apple_01.prefab
  artifactKey: Guid(6db7680dca4eb2748a7339cb3bc13d14) Importer(815301076,1909f56bfc062723c751e8b465ee728b)
Start importing Assets/생존/Prefabs/Apple_01.prefab using Guid(6db7680dca4eb2748a7339cb3bc13d14) Importer(815301076,1909f56bfc062723c751e8b465ee728b)  -> (artifact id: '88511f0528b283912f8b52669e5a3cae') in 0.047164 seconds 
========================================================================
Received Import Request.
  Time since last request: 0.000033 seconds.
  path: Assets/생존/Prefabs/SM_Camping_Axe.prefab
  artifactKey: Guid(c78b2f6da8c496044acf68bbb77bee45) Importer(815301076,1909f56bfc062723c751e8b465ee728b)
Start importing Assets/생존/Prefabs/SM_Camping_Axe.prefab using Guid(c78b2f6da8c496044acf68bbb77bee45) Importer(815301076,1909f56bfc062723c751e8b465ee728b)  -> (artifact id: '3d212f0965ed39cdd76342d90fe2d0b4') in 0.041070 seconds 
========================================================================
Received Import Request.
  Time since last request: 0.000041 seconds.
  path: Assets/생존/Prefabs/SM_Scrap_Metal_01.prefab
  artifactKey: Guid(77ff5fc6b3b6f5a4cb0fe574d6726a93) Importer(815301076,1909f56bfc062723c751e8b465ee728b)
Start importing Assets/생존/Prefabs/SM_Scrap_Metal_01.prefab using Guid(77ff5fc6b3b6f5a4cb0fe574d6726a93) Importer(815301076,1909f56bfc062723c751e8b465ee728b)  -> (artifact id: 'caa084eadd7b59efba95a1a7616019bf') in 0.101977 seconds 
========================================================================
Received Import Request.
  Time since last request: 0.000084 seconds.
  path: Assets/생존/Prefabs/SM_Woods_03.prefab
  artifactKey: Guid(386272c2cd2daf040ade792158663725) Importer(815301076,1909f56bfc062723c751e8b465ee728b)
Start importing Assets/생존/Prefabs/SM_Woods_03.prefab using Guid(386272c2cd2daf040ade792158663725) Importer(815301076,1909f56bfc062723c751e8b465ee728b)  -> (artifact id: 'f260455a8bfebb4efa4ead722a53cf32') in 0.073522 seconds 
========================================================================
Received Import Request.
  Time since last request: 0.000037 seconds.
  path: Assets/생존/Prefabs/SM_Vertical_Handle_01.prefab
  artifactKey: Guid(580b4dae3deb3ea4e975a4bf33fa4387) Importer(815301076,1909f56bfc062723c751e8b465ee728b)
Start importing Assets/생존/Prefabs/SM_Vertical_Handle_01.prefab using Guid(580b4dae3deb3ea4e975a4bf33fa4387) Importer(815301076,1909f56bfc062723c751e8b465ee728b)  -> (artifact id: '348057336515aaf53cd96765a930966d') in 0.063467 seconds 
========================================================================
Received Import Request.
  Time since last request: 0.000048 seconds.
  path: Assets/생존/Prefabs/SM_Tactical_Block.prefab
  artifactKey: Guid(c90d4b87a9347fd43ad0fb549ee1f938) Importer(815301076,1909f56bfc062723c751e8b465ee728b)
Start importing Assets/생존/Prefabs/SM_Tactical_Block.prefab using Guid(c90d4b87a9347fd43ad0fb549ee1f938) Importer(815301076,1909f56bfc062723c751e8b465ee728b)  -> (artifact id: 'c45eeb4e7a531437563adbada02dd03f') in 0.072635 seconds 
========================================================================
Received Import Request.
  Time since last request: 0.000044 seconds.
  path: Assets/생존/Prefabs/SM_Large_Magazine_For_Army_Pistol.prefab
  artifactKey: Guid(e68efa9d411601746957290d91332127) Importer(815301076,1909f56bfc062723c751e8b465ee728b)
Start importing Assets/생존/Prefabs/SM_Large_Magazine_For_Army_Pistol.prefab using Guid(e68efa9d411601746957290d91332127) Importer(815301076,1909f56bfc062723c751e8b465ee728b)  -> (artifact id: '84b54155312ee39b977ffd3f3586f52d') in 0.077483 seconds 
========================================================================
Received Import Request.
  Time since last request: 0.000057 seconds.
  path: Assets/생존/Prefabs/Homemade_Medical_Splint.prefab
  artifactKey: Guid(37476453262801641b9ba6c5a30a8098) Importer(815301076,1909f56bfc062723c751e8b465ee728b)
Start importing Assets/생존/Prefabs/Homemade_Medical_Splint.prefab using Guid(37476453262801641b9ba6c5a30a8098) Importer(815301076,1909f56bfc062723c751e8b465ee728b)  -> (artifact id: '5d071431b6f037163459185a60bea955') in 0.086424 seconds 
========================================================================
Received Import Request.
  Time since last request: 0.000039 seconds.
  path: Assets/생존/Prefabs/SM_Magazine_For_Army_Pistol_Empty.prefab
  artifactKey: Guid(75684f6054a9a8143b92a740cc80a631) Importer(815301076,1909f56bfc062723c751e8b465ee728b)
Start importing Assets/생존/Prefabs/SM_Magazine_For_Army_Pistol_Empty.prefab using Guid(75684f6054a9a8143b92a740cc80a631) Importer(815301076,1909f56bfc062723c751e8b465ee728b)  -> (artifact id: '802cd03f77aede43426cd4d3d1bbdfec') in 0.088632 seconds 
========================================================================
Received Import Request.
  Time since last request: 0.000228 seconds.
  path: Assets/생존/Prefabs/Bandage.prefab
  artifactKey: Guid(cc727501756aee741997efa9a175c317) Importer(815301076,1909f56bfc062723c751e8b465ee728b)
Start importing Assets/생존/Prefabs/Bandage.prefab using Guid(cc727501756aee741997efa9a175c317) Importer(815301076,1909f56bfc062723c751e8b465ee728b)  -> (artifact id: '5804a91c26d6f8f6d8e1dfeb6910b2c3') in 0.079994 seconds 
========================================================================
Received Import Request.
  Time since last request: 0.000426 seconds.
  path: Assets/생존/Prefabs/Medical_Kit.prefab
  artifactKey: Guid(c6776ea35b3d59b46907ebd401b343ff) Importer(815301076,1909f56bfc062723c751e8b465ee728b)
Start importing Assets/생존/Prefabs/Medical_Kit.prefab using Guid(c6776ea35b3d59b46907ebd401b343ff) Importer(815301076,1909f56bfc062723c751e8b465ee728b)  -> (artifact id: 'bd544b4f1ae6ddf0087b3a88947303c5') in 0.087291 seconds 
========================================================================
Received Import Request.
  Time since last request: 0.000175 seconds.
  path: Assets/생존/Prefabs/SM_Collimator_Sight_A_01.prefab
  artifactKey: Guid(129eda89f2b005c45a74bd52224c6076) Importer(815301076,1909f56bfc062723c751e8b465ee728b)
Start importing Assets/생존/Prefabs/SM_Collimator_Sight_A_01.prefab using Guid(129eda89f2b005c45a74bd52224c6076) Importer(815301076,1909f56bfc062723c751e8b465ee728b)  -> (artifact id: '56d8073fafbb1da13791df0759e25828') in 0.083966 seconds 
========================================================================
Received Import Request.
  Time since last request: 0.000049 seconds.
  path: Assets/생존/Prefabs/SM_Handguard_For_Submachine_Gun_02.prefab
  artifactKey: Guid(cdf94fedf7b2c124ab933abe0e1c5b00) Importer(815301076,1909f56bfc062723c751e8b465ee728b)
Start importing Assets/생존/Prefabs/SM_Handguard_For_Submachine_Gun_02.prefab using Guid(cdf94fedf7b2c124ab933abe0e1c5b00) Importer(815301076,1909f56bfc062723c751e8b465ee728b)  -> (artifact id: '41b0f8e8a31703e435d4fca79bfe03ea') in 0.102275 seconds 
========================================================================
Received Import Request.
  Time since last request: 0.000092 seconds.
  path: Assets/생존/Prefabs/Orange_01.prefab
  artifactKey: Guid(a501219ff3ba3ab42aae76e837efaea0) Importer(815301076,1909f56bfc062723c751e8b465ee728b)
Start importing Assets/생존/Prefabs/Orange_01.prefab using Guid(a501219ff3ba3ab42aae76e837efaea0) Importer(815301076,1909f56bfc062723c751e8b465ee728b)  -> (artifact id: '197cdd00d03ee1f98b985891918aef65') in 0.079453 seconds 
========================================================================
Received Import Request.
  Time since last request: 0.000042 seconds.
  path: Assets/생존/Prefabs/SM_Workbench.prefab
  artifactKey: Guid(405182fb1a70a9d4a8a4c06cae1e6b5f) Importer(815301076,1909f56bfc062723c751e8b465ee728b)
Start importing Assets/생존/Prefabs/SM_Workbench.prefab using Guid(405182fb1a70a9d4a8a4c06cae1e6b5f) Importer(815301076,1909f56bfc062723c751e8b465ee728b)  -> (artifact id: '2e54fbd42fa9312f683895287cecf22c') in 0.097055 seconds 
========================================================================
Received Import Request.
  Time since last request: 0.000059 seconds.
  path: Assets/생존/Prefabs/SM_Sledgehammer.prefab
  artifactKey: Guid(c1261337aad64ef4db60b9b168b33feb) Importer(815301076,1909f56bfc062723c751e8b465ee728b)
Start importing Assets/생존/Prefabs/SM_Sledgehammer.prefab using Guid(c1261337aad64ef4db60b9b168b33feb) Importer(815301076,1909f56bfc062723c751e8b465ee728b)  -> (artifact id: 'da33ca80ddbf8df53db81fa658219834') in 0.081822 seconds 
========================================================================
Received Import Request.
  Time since last request: 0.000081 seconds.
  path: Assets/생존/Prefabs/Bonfire_01.prefab
  artifactKey: Guid(6046a64e832cdad44ac9e18fe66d19f1) Importer(815301076,1909f56bfc062723c751e8b465ee728b)
Start importing Assets/생존/Prefabs/Bonfire_01.prefab using Guid(6046a64e832cdad44ac9e18fe66d19f1) Importer(815301076,1909f56bfc062723c751e8b465ee728b)  -> (artifact id: 'c5e78fe1787cfa33d8eb6abc8e9ab859') in 0.098085 seconds 
========================================================================
Received Import Request.
  Time since last request: 0.000062 seconds.
  path: Assets/생존/Prefabs/SM_GAS_CYLINDER_01.prefab
  artifactKey: Guid(845771c8faf6ff848a08dc9973e39f41) Importer(815301076,1909f56bfc062723c751e8b465ee728b)
Start importing Assets/생존/Prefabs/SM_GAS_CYLINDER_01.prefab using Guid(845771c8faf6ff848a08dc9973e39f41) Importer(815301076,1909f56bfc062723c751e8b465ee728b)  -> (artifact id: '6782a95f273b19db07b9c0cdde8a3a17') in 0.086649 seconds 
========================================================================
Received Import Request.
  Time since last request: 0.000175 seconds.
  path: Assets/생존/Prefabs/SM_Log.prefab
  artifactKey: Guid(1e63d2a1731e95a4bbee54952e67f2b5) Importer(815301076,1909f56bfc062723c751e8b465ee728b)
Start importing Assets/생존/Prefabs/SM_Log.prefab using Guid(1e63d2a1731e95a4bbee54952e67f2b5) Importer(815301076,1909f56bfc062723c751e8b465ee728b)  -> (artifact id: 'f67739b304492b28ac0988d911069cd0') in 0.158412 seconds 
========================================================================
Received Import Request.
  Time since last request: 0.000081 seconds.
  path: Assets/생존/Prefabs/SM_Army_Pistol.prefab
  artifactKey: Guid(b52a2a857d903434facf521b55ad8bfd) Importer(815301076,1909f56bfc062723c751e8b465ee728b)
Start importing Assets/생존/Prefabs/SM_Army_Pistol.prefab using Guid(b52a2a857d903434facf521b55ad8bfd) Importer(815301076,1909f56bfc062723c751e8b465ee728b)  -> (artifact id: 'ff18e48b0a04722da5e893ed77757f54') in 0.128811 seconds 
========================================================================
Received Import Request.
  Time since last request: 0.000049 seconds.
  path: Assets/생존/Prefabs/Meat_01.prefab
  artifactKey: Guid(c6606374ad6058448b3ce4a22865ff19) Importer(815301076,1909f56bfc062723c751e8b465ee728b)
Start importing Assets/생존/Prefabs/Meat_01.prefab using Guid(c6606374ad6058448b3ce4a22865ff19) Importer(815301076,1909f56bfc062723c751e8b465ee728b)  -> (artifact id: '4bd1806d3d06a9e4d924800b08dd5bf4') in 0.167094 seconds 
========================================================================
Received Import Request.
  Time since last request: 0.000231 seconds.
  path: Assets/생존/Prefabs/Canned_food_A_01.prefab
  artifactKey: Guid(036c576504fa16147906e501b1a57384) Importer(815301076,1909f56bfc062723c751e8b465ee728b)
Start importing Assets/생존/Prefabs/Canned_food_A_01.prefab using Guid(036c576504fa16147906e501b1a57384) Importer(815301076,1909f56bfc062723c751e8b465ee728b)  -> (artifact id: '1e8625e25f8a5dac642d97eb108f10b3') in 0.089218 seconds 
========================================================================
Received Import Request.
  Time since last request: 0.000107 seconds.
  path: Assets/생존/Prefabs/SM_Muffler_04.prefab
  artifactKey: Guid(5c9ddf07179e6a9488ccb9ebb6c30ba7) Importer(815301076,1909f56bfc062723c751e8b465ee728b)
Start importing Assets/생존/Prefabs/SM_Muffler_04.prefab using Guid(5c9ddf07179e6a9488ccb9ebb6c30ba7) Importer(815301076,1909f56bfc062723c751e8b465ee728b)  -> (artifact id: '6ae33e8faeffbf0415693db527743b33') in 0.091564 seconds 
========================================================================
Received Import Request.
  Time since last request: 0.000052 seconds.
  path: Assets/생존/Prefabs/SM_Barrel_Closed_01_A.prefab
  artifactKey: Guid(41d2cf6fa61ab7d49a842763be600249) Importer(815301076,1909f56bfc062723c751e8b465ee728b)
Start importing Assets/생존/Prefabs/SM_Barrel_Closed_01_A.prefab using Guid(41d2cf6fa61ab7d49a842763be600249) Importer(815301076,1909f56bfc062723c751e8b465ee728b)  -> (artifact id: 'f0a67fe51713b905dad63963364dee36') in 0.094786 seconds 
========================================================================
Received Import Request.
  Time since last request: 0.000106 seconds.
  path: Assets/생존/Prefabs/SM_Log_laying.prefab
  artifactKey: Guid(63a58d29feb4cf64081e1f4a8e1b6844) Importer(815301076,1909f56bfc062723c751e8b465ee728b)
Start importing Assets/생존/Prefabs/SM_Log_laying.prefab using Guid(63a58d29feb4cf64081e1f4a8e1b6844) Importer(815301076,1909f56bfc062723c751e8b465ee728b)  -> (artifact id: '3c5e13906e7d08f90a2a93986ece40a1') in 0.078647 seconds 
========================================================================
Received Import Request.
  Time since last request: 0.000057 seconds.
  path: Assets/생존/Prefabs/SM_ARAMID_FABRIC.prefab
  artifactKey: Guid(0bc308d5d4320ef4384e58e1eb73428a) Importer(815301076,1909f56bfc062723c751e8b465ee728b)
Start importing Assets/생존/Prefabs/SM_ARAMID_FABRIC.prefab using Guid(0bc308d5d4320ef4384e58e1eb73428a) Importer(815301076,1909f56bfc062723c751e8b465ee728b)  -> (artifact id: '5e2949825fddbf38d3b26731891651d0') in 0.088309 seconds 
========================================================================
Received Import Request.
  Time since last request: 0.000049 seconds.
  path: Assets/생존/Prefabs/SM_Camping_Knife.prefab
  artifactKey: Guid(ce2204ad7743b3445befdd8da95cda27) Importer(815301076,1909f56bfc062723c751e8b465ee728b)
Start importing Assets/생존/Prefabs/SM_Camping_Knife.prefab using Guid(ce2204ad7743b3445befdd8da95cda27) Importer(815301076,1909f56bfc062723c751e8b465ee728b)  -> (artifact id: 'a9d36008f28b595d8b8c3a1a610a8bf6') in 0.083793 seconds 
========================================================================
Received Import Request.
  Time since last request: 0.000040 seconds.
  path: Assets/생존/Prefabs/SM_Magazine_For_Special_Submachine_Gun_Empty.prefab
  artifactKey: Guid(6cc25e1b147c93248987a6b4e5deee90) Importer(815301076,1909f56bfc062723c751e8b465ee728b)
Start importing Assets/생존/Prefabs/SM_Magazine_For_Special_Submachine_Gun_Empty.prefab using Guid(6cc25e1b147c93248987a6b4e5deee90) Importer(815301076,1909f56bfc062723c751e8b465ee728b)  -> (artifact id: 'aa748d30e2010c62964d0e2a5d4f2f18') in 0.081754 seconds 
========================================================================
Received Import Request.
  Time since last request: 0.000066 seconds.
  path: Assets/생존/Prefabs/SM_FLATCHE.prefab
  artifactKey: Guid(66c5c01db3a7a4040b6b6ea74d1a8737) Importer(815301076,1909f56bfc062723c751e8b465ee728b)
Start importing Assets/생존/Prefabs/SM_FLATCHE.prefab using Guid(66c5c01db3a7a4040b6b6ea74d1a8737) Importer(815301076,1909f56bfc062723c751e8b465ee728b)  -> (artifact id: 'a578166c29bc848b4bce5015d2e26b4c') in 0.063742 seconds 
========================================================================
Received Import Request.
  Time since last request: 0.000037 seconds.
  path: Assets/생존/Prefabs/SM_Butt_Of_The_Rifle_For_Special_Submachine_Gun_Clean.prefab
  artifactKey: Guid(f1934d0715948b54d83e420685e0d87b) Importer(815301076,1909f56bfc062723c751e8b465ee728b)
Start importing Assets/생존/Prefabs/SM_Butt_Of_The_Rifle_For_Special_Submachine_Gun_Clean.prefab using Guid(f1934d0715948b54d83e420685e0d87b) Importer(815301076,1909f56bfc062723c751e8b465ee728b)  -> (artifact id: '5755d60f3f74ef5ecd08c53296f76777') in 0.066740 seconds 
========================================================================
Received Import Request.
  Time since last request: 0.000123 seconds.
  path: Assets/생존/Prefabs/SM_GAS_CYLINDER_02.prefab
  artifactKey: Guid(ab3787f757082314fb65fb7ca4552c31) Importer(815301076,1909f56bfc062723c751e8b465ee728b)
Start importing Assets/생존/Prefabs/SM_GAS_CYLINDER_02.prefab using Guid(ab3787f757082314fb65fb7ca4552c31) Importer(815301076,1909f56bfc062723c751e8b465ee728b)  -> (artifact id: 'b1f6895a8e047f5f318ad775cd96be90') in 0.063849 seconds 
========================================================================
Received Import Request.
  Time since last request: 0.000049 seconds.
  path: Assets/생존/Prefabs/SM_Chuck_Pistol_Box_9.19.prefab
  artifactKey: Guid(260b181a36214d94d9a2e9929947e034) Importer(815301076,1909f56bfc062723c751e8b465ee728b)
Start importing Assets/생존/Prefabs/SM_Chuck_Pistol_Box_9.19.prefab using Guid(260b181a36214d94d9a2e9929947e034) Importer(815301076,1909f56bfc062723c751e8b465ee728b)  -> (artifact id: 'fe7bca238b27fe175f227c7b211d8164') in 0.091728 seconds 
========================================================================
Received Import Request.
  Time since last request: 0.000057 seconds.
  path: Assets/생존/Prefabs/SM_Collimator_Sight_B_01.prefab
  artifactKey: Guid(59325158d2140a4428c7bc6d792cb605) Importer(815301076,1909f56bfc062723c751e8b465ee728b)
Start importing Assets/생존/Prefabs/SM_Collimator_Sight_B_01.prefab using Guid(59325158d2140a4428c7bc6d792cb605) Importer(815301076,1909f56bfc062723c751e8b465ee728b)  -> (artifact id: 'b7578a4a5469d9b99791ef93fb748384') in 0.076107 seconds 
========================================================================
Received Import Request.
  Time since last request: 0.000046 seconds.
  path: Assets/생존/Prefabs/SM_Pallet_01.prefab
  artifactKey: Guid(931aea578e9e7f7499b2987da9ed2fb0) Importer(815301076,1909f56bfc062723c751e8b465ee728b)
Start importing Assets/생존/Prefabs/SM_Pallet_01.prefab using Guid(931aea578e9e7f7499b2987da9ed2fb0) Importer(815301076,1909f56bfc062723c751e8b465ee728b)  -> (artifact id: '76eb013a8bf33015ee7a409bb37e0ef2') in 0.086008 seconds 
========================================================================
Received Import Request.
  Time since last request: 1.494225 seconds.
  path: Assets/생존/Scenes
  artifactKey: Guid(e109d9c72af1ee044817a53742232fdb) Importer(815301076,1909f56bfc062723c751e8b465ee728b)
Start importing Assets/생존/Scenes using Guid(e109d9c72af1ee044817a53742232fdb) Importer(815301076,1909f56bfc062723c751e8b465ee728b)  -> (artifact id: '3e33a8ea7e31e221b6ddb5ab79bbed68') in 0.034095 seconds 
========================================================================
Received Import Request.
  Time since last request: 0.975231 seconds.
  path: Assets/생존/Scenes/Demonstration.unity
  artifactKey: Guid(e2916c4108f345f438e9995edfb6b4f8) Importer(815301076,1909f56bfc062723c751e8b465ee728b)
Start importing Assets/생존/Scenes/Demonstration.unity using Guid(e2916c4108f345f438e9995edfb6b4f8) Importer(815301076,1909f56bfc062723c751e8b465ee728b)  -> (artifact id: 'eee4d58891553ed07459f454daf82155') in 0.024510 seconds 
========================================================================
Received Import Request.
  Time since last request: 181.339152 seconds.
  path: Assets/생존/Scenes/Demonstration
  artifactKey: Guid(0065479a43a984e4b904a10c73ebc547) Importer(815301076,1909f56bfc062723c751e8b465ee728b)
Start importing Assets/생존/Scenes/Demonstration using Guid(0065479a43a984e4b904a10c73ebc547) Importer(815301076,1909f56bfc062723c751e8b465ee728b)  -> (artifact id: '6ebd0c4d9309d32c994b438bccbc49e5') in 0.024223 seconds 
========================================================================
Received Import Request.
  Time since last request: 0.039103 seconds.
  path: Assets/생존/Scenes/Demonstration/LightingData.asset
  artifactKey: Guid(d7a773712fff9fa4abeadb373cedd1e4) Importer(815301076,1909f56bfc062723c751e8b465ee728b)
Start importing Assets/생존/Scenes/Demonstration/LightingData.asset using Guid(d7a773712fff9fa4abeadb373cedd1e4) Importer(815301076,1909f56bfc062723c751e8b465ee728b)  -> (artifact id: '408edd687d90eaa9b6a0b26c61995f1b') in 0.016928 seconds 
========================================================================
Received Import Request.
  Time since last request: 16.881507 seconds.
  path: Assets/Scenes/SampleScene.unity
  artifactKey: Guid(9fc0d4010bbf28b4594072e72b8655ab) Importer(815301076,1909f56bfc062723c751e8b465ee728b)
Start importing Assets/Scenes/SampleScene.unity using Guid(9fc0d4010bbf28b4594072e72b8655ab) Importer(815301076,1909f56bfc062723c751e8b465ee728b)  -> (artifact id: '26663be28701487230431016909f50b6') in 0.007738 seconds 
========================================================================
Received Import Request.
  Time since last request: 135.173491 seconds.
  path: Assets/성/textures
  artifactKey: Guid(e6d1ccbf345b84f428972cc008bdb69d) Importer(815301076,1909f56bfc062723c751e8b465ee728b)
Start importing Assets/성/textures using Guid(e6d1ccbf345b84f428972cc008bdb69d) Importer(815301076,1909f56bfc062723c751e8b465ee728b)  -> (artifact id: 'df1745821e9694b8ab53683e2d5fb1d0') in 0.034970 seconds 
========================================================================
Received Import Request.
  Time since last request: 0.701458 seconds.
  path: Assets/성/source/FINAL_SCENE_03.fbx
  artifactKey: Guid(584cf9051439c274c97cecae42cf3487) Importer(815301076,1909f56bfc062723c751e8b465ee728b)
Start importing Assets/성/source/FINAL_SCENE_03.fbx using Guid(584cf9051439c274c97cecae42cf3487) Importer(815301076,1909f56bfc062723c751e8b465ee728b)  -> (artifact id: '5b4d669520b8951606d2734182f178ab') in 1.584338 seconds 
